<?xml version="1.0" encoding="UTF-8"?>
<testsuite xmlns:xsi="http://www.w3.org/2001/XMLSchema-instance" xsi:noNamespaceSchemaLocation="https://maven.apache.org/surefire/maven-surefire-plugin/xsd/surefire-test-report-3.0.xsd" version="3.0" name="test.com.Myformtest" time="7.654" tests="1" errors="0" skipped="0" failures="0">
  <properties>
[...]
</properties>
  <testcase name="test" classname="test.com.Myformtest" time="6.38">
    <system-out><![CDATA[Contact{firstname=Valentina, lastname=Tolkunova, email=tolkunova@gmail.com, massage=Hi!!!}
Contact{firstname=Valentina, lastname=Tolkunova, email=tolkunova@gmail.com, massage=Hi!!!}
Contact{firstname=Valentina, lastname=Tolkunova, email=tolkunova@gmail.com, massage=Hi!!!}
Contact{firstname=Valentina, lastname=Tolkunova, email=tolkunova@gmail.com, massage=Hi!!!}
]]></system-out>
    <system-err><![CDATA[Starting ChromeDriver 124.0.6367.60 (8771130bd84f76d855ae42fbe02752b03e352f17-refs/branch-heads/6367@{#798}) on port 29928
Only local connections are allowed.
Please see https://chromedriver.chromium.org/security-considerations for suggestions on keeping ChromeDriver safe.
ChromeDriver was started successfully.
мая 30, 2024 8:57:43 AM org.openqa.selenium.remote.ProtocolHandshake createSession
INFO: Detected dialect: W3C
]]></system-err>
  </testcase>
</testsuite>